"../../../Engine/Content/ArtTools/RenderToTexture/Enums/RenderToTexture_Flipbook_Enum.uasset" 0
"../../../Engine/Content/ArtTools/RenderToTexture/Enums/RenderToTexture_Imposter_Enum.uasset" 1
"../../../Engine/Content/EditorBlueprintResources/StandardMacros.uasset" 2
"../../../Engine/Content/ArtTools/RenderToTexture/Enums/EIntTypes.uasset" 3
"../../../Engine/Content/ArtTools/RenderToTexture/Macros/RenderToTextureFunctionLibrary.uasset" 4
"../../../Engine/Content/ArtTools/RenderToTexture/Enums/EFloatTypes.uasset" 5
"../../../Engine/Content/ArtTools/RenderToTexture/Macros/RenderToTextureMacros.uasset" 6
"../../../Engine/Content/Functions/Engine_MaterialFunctions01/Opacity/CameraDepthFade.uasset" 7
"../../../Engine/Content/EngineMaterials/T_Default_Material_Grid_M.uasset" 8
"../../../Engine/Content/EngineMaterials/T_Default_Material_Grid_N.uasset" 9
"../../../Engine/Content/EngineMaterials/WorldGridMaterial.uasset" 10
"../../../Engine/Content/ArtTools/RenderToTexture/Meshes/S_1_Unit_Plane.uasset" 11
"../../../Engine/Content/EngineMaterials/DefaultMaterial.uasset" 12
"../../../Engine/Content/BasicShapes/Cone.uasset" 13
"../../../Engine/Content/BasicShapes/Cube.uasset" 14
"../../../Engine/Content/BasicShapes/Cylinder.uasset" 15
"../../../Engine/Content/BasicShapes/Plane.uasset" 16
"../../../Engine/Content/BasicShapes/Sphere.uasset" 17
"../../../Engine/Content/EngineMaterials/DefaultPhysicalMaterial.uasset" 18
"../../../Engine/Content/BufferVisualization/AmbientOcclusion.uasset" 19
"../../../Engine/Content/BufferVisualization/BaseColor.uasset" 20
"../../../Engine/Content/BufferVisualization/CustomDepth.uasset" 21
"../../../Engine/Content/Functions/Engine_MaterialFunctions02/Utility/VectorLength.uasset" 22
"../../../Engine/Content/BufferVisualization/CustomDepthWorldUnits.uasset" 23
"../../../Engine/Content/Functions/Engine_MaterialFunctions02/Utility/BreakOutFloat2Components.uasset" 24
"../../../Engine/Content/Functions/Engine_MaterialFunctions01/Texturing/ScaleUVsByCenter.uasset" 25
"../../../Engine/Content/Functions/Engine_MaterialFunctions02/ScreenResolution.uasset" 26
"../../../Engine/Content/Functions/Engine_MaterialFunctions02/Texturing/ScreenAlignedUVs.uasset" 27
"../../../Engine/Content/Functions/Engine_MaterialFunctions02/Utility/MakeFloat2.uasset" 28
"../../../Engine/Content/Functions/Engine_MaterialFunctions02/Utility/MakeFloat3.uasset" 29
"../../../Engine/Content/EngineMaterials/MiniFont.uasset" 30
"../../../Engine/Content/BufferVisualization/CustomStencil.uasset" 31
"../../../Engine/Content/BufferVisualization/FinalImage.uasset" 32
"../../../Engine/Content/BufferVisualization/LightingModel.uasset" 33
"../../../Engine/Content/BufferVisualization/MaterialAO.uasset" 34
"../../../Engine/Content/BufferVisualization/Metallic.uasset" 35
"../../../Engine/Content/BufferVisualization/Opacity.uasset" 36
"../../../Engine/Content/BufferVisualization/PostTonemapHDRColor.uasset" 37
"../../../Engine/Content/BufferVisualization/PreTonemapHDRColor.uasset" 38
"../../../Engine/Content/BufferVisualization/Roughness.uasset" 39
"../../../Engine/Content/BufferVisualization/SceneColor.uasset" 40
"../../../Engine/Content/BufferVisualization/SceneDepth.uasset" 41
"../../../Engine/Content/BufferVisualization/SceneDepthWorldUnits.uasset" 42
"../../../Engine/Content/BufferVisualization/SeparateTranslucencyA.uasset" 43
"../../../Engine/Content/BufferVisualization/SeparateTranslucencyRGB.uasset" 44
"../../../Engine/Content/BufferVisualization/Specular.uasset" 45
"../../../Engine/Content/BufferVisualization/SubsurfaceColor.uasset" 46
"../../../Engine/Content/BufferVisualization/Velocity.uasset" 47
"../../../Engine/Content/BufferVisualization/WorldNormal.uasset" 48
"../../../Engine/Content/EditorBlueprintResources/ActorMacros.uasset" 49
"../../../Engine/Content/EditorLandscapeResources/DataLayer.uasset" 50
"../../../Engine/Content/EditorLandscapeResources/DefaultAlphaTexture.uasset" 51
"../../../Engine/Content/EditorLandscapeResources/LandscapeGizmoHeight_Mat.uasset" 52
"../../../Engine/Content/EditorLandscapeResources/LandscapeGizmo_Mat.uasset" 53
"../../../Engine/Content/EditorLandscapeResources/LandscapeGizmo_Mat_Copied.uasset" 54
"../../../Engine/Content/EditorLandscapeResources/SplineEditorMeshMat.uasset" 55
"../../../Engine/Content/EditorLandscapeResources/SplineEditorMesh.uasset" 56
"../../../Engine/Content/EditorMaterials/Cross.uasset" 57
"../../../Engine/Content/EditorMaterials/Cross_Mat.uasset" 58
"../../../Engine/Content/EngineMaterials/DefaultDiffuse.uasset" 59
"../../../Engine/Content/Functions/Engine_MaterialFunctions01/Texturing/TextureCropping.uasset" 60
"../../../Engine/Content/Functions/Engine_MaterialFunctions01/Texturing/ComputeMipLevel.uasset" 61
"../../../Engine/Content/Functions/Engine_MaterialFunctions02/ExampleContent/DebugNumberStrip.uasset" 62
"../../../Engine/Content/Functions/Engine_MaterialFunctions02/ExampleContent/Textures/DebugNumberPeriod.uasset" 63
"../../../Engine/Content/Functions/Engine_MaterialFunctions02/Utility/DebugScalarValues.uasset" 64
"../../../Engine/Content/Functions/Engine_MaterialFunctions02/Utility/DebugFloat2Values.uasset" 65
"../../../Engine/Content/Functions/Engine_MaterialFunctions02/ExampleContent/Textures/flipbook.uasset" 66
"../../../Engine/Content/Functions/Engine_MaterialFunctions02/Texturing/FlipBook.uasset" 67
"../../../Engine/Content/Functions/Engine_MaterialFunctions02/Utility/Sign.uasset" 68
"../../../Engine/Content/Functions/Engine_MaterialFunctions02/Utility/Round.uasset" 69
"../../../Engine/Content/EditorResources/T_EditorHelp.uasset" 70
"../../../Engine/Content/EditorMaterials/HelpActorMaterial.uasset" 71
"../../../Engine/Content/EditorMaterials/CompositeARGBLayer.uasset" 72
"../../../Engine/Content/EditorMaterials/TilingAALineIntegral.uasset" 73
"../../../Engine/Content/EditorMaterials/TilingAALineBoxFiltered.uasset" 74
"../../../Engine/Content/Functions/Engine_MaterialFunctions03/Procedurals/ComputeFilterWidth.uasset" 75
"../../../Engine/Content/EditorMaterials/TilingAADots.uasset" 76
"../../../Engine/Content/EngineMaterials/BlendFunc_DefBase.uasset" 77
"../../../Engine/Content/EngineMaterials/BlendFunc_DefBlend.uasset" 78
"../../../Engine/Content/Functions/Engine_MaterialFunctions03/Blends/Blend_Screen.uasset" 79
"../../../Engine/Content/EditorMaterials/TilingAAGrid.uasset" 80
"../../../Engine/Content/EditorMaterials/LevelGridMaterial.uasset" 81
"../../../Engine/Content/EditorMaterials/MakeCompositeARGBLayer.uasset" 82
"../../../Engine/Content/EditorResources/LevelGrid1DStripes.uasset" 83
"../../../Engine/Content/EditorMaterials/TextureGridCascaded1D.uasset" 84
"../../../Engine/Content/EditorMaterials/TextureGridCascaded2D.uasset" 85
"../../../Engine/Content/EditorMaterials/LevelGridMaterial2.uasset" 86
"../../../Engine/Content/EditorMaterials/MAT_Groups_Toggle.uasset" 87
"../../../Engine/Content/EditorMaterials/MAT_Groups_Visibility.uasset" 88
"../../../Engine/Content/EditorMaterials/PhAT_BoneSelectedMaterial.uasset" 89
"../../../Engine/Content/EditorMaterials/PhAT_ElemSelectedMaterial.uasset" 90
"../../../Engine/Content/EditorMaterials/PhAT_NoCollisionMaterial.uasset" 91
"../../../Engine/Content/EditorMaterials/PhAT_UnselectedMaterial.uasset" 92
"../../../Engine/Content/EditorMaterials/PreviewShadowIndicator.uasset" 93
"../../../Engine/Content/EditorMaterials/PreviewShadowIndicatorMaterial.uasset" 94
"../../../Engine/Content/EditorMaterials/Tick.uasset" 95
"../../../Engine/Content/EditorMaterials/Tick_Mat.uasset" 96
"../../../Engine/Content/EditorMaterials/WidgetGridVertexColorMaterial.uasset" 97
"../../../Engine/Content/EditorMaterials/WidgetGridVertexColorMaterial_Ma.uasset" 98
"../../../Engine/Content/EditorMaterials/WidgetMaterial.uasset" 99
"../../../Engine/Content/EditorMaterials/WidgetMaterial_Current.uasset" 100
"../../../Engine/Content/EditorMaterials/WidgetMaterial_X.uasset" 101
"../../../Engine/Content/EditorMaterials/WidgetMaterial_Y.uasset" 102
"../../../Engine/Content/EditorMaterials/WidgetMaterial_Z.uasset" 103
"../../../Engine/Content/EditorMaterials/WidgetVertexColorMaterial.uasset" 104
"../../../Engine/Content/EditorMaterials/AssetViewer/EpicQuadPanorama_CC+EV1.uasset" 105
"../../../Engine/Content/MapTemplates/Sky/SunsetAmbientCubemap.uasset" 106
"../../../Engine/Content/EditorMaterials/AssetViewer/M_SkyBox.uasset" 107
"../../../Engine/Content/EditorMaterials/MatineeGroups/MAT_ColorTrack.uasset" 108
"../../../Engine/Content/EditorMaterials/MatineeGroups/MAT_Groups_Anim.uasset" 109
"../../../Engine/Content/EditorMaterials/MatineeGroups/MAT_Groups_AudioMaster.uasset" 110
"../../../Engine/Content/EditorMaterials/MatineeGroups/MAT_Groups_Director.uasset" 111
"../../../Engine/Content/EditorMaterials/MatineeGroups/MAT_Groups_Event.uasset" 112
"../../../Engine/Content/EditorMaterials/MatineeGroups/MAT_Groups_Fade.uasset" 113
"../../../Engine/Content/EditorMaterials/MatineeGroups/MAT_Groups_Float.uasset" 114
"../../../Engine/Content/EditorMaterials/MatineeGroups/MAT_Groups_Move.uasset" 115
"../../../Engine/Content/EditorMaterials/MatineeGroups/MAT_Groups_Slomo.uasset" 116
"../../../Engine/Content/EditorMaterials/MatineeGroups/MAT_Groups_Sound.uasset" 117
"../../../Engine/Content/EditorMaterials/MatineeGroups/MAT_Groups_Vector.uasset" 118
"../../../Engine/Content/EditorMaterials/ParticleSystems/PSysThumbnail_NoImage.uasset" 119
"../../../Engine/Content/EditorMaterials/ParticleSystems/PSysThumbnail_OOD.uasset" 120
"../../../Engine/Content/EngineMaterials/Grid.uasset" 121
"../../../Engine/Content/EditorMaterials/Thumbnails/FloorPlaneMaterial.uasset" 122
"../../../Engine/Content/EditorMeshes/EditorCube.uasset" 123
"../../../Engine/Content/EditorMeshes/EditorCylinder.uasset" 124
"../../../Engine/Content/EditorMeshes/EditorPlane.uasset" 125
"../../../Engine/Content/EditorMaterials/Thumbnails/SkySphereMaterial.uasset" 126
"../../../Engine/Content/EditorMeshes/EditorSkySphere.uasset" 127
"../../../Engine/Content/EditorMeshes/EditorSphere.uasset" 128
"../../../Engine/Content/EditorResources/MatineeCam_D.uasset" 129
"../../../Engine/Content/EditorMaterials/MatineeCam_mat.uasset" 130
"../../../Engine/Content/EditorMeshes/MatineeCam_SM.uasset" 131
"../../../Engine/Content/EditorMeshes/PlanarReflectionPlane.uasset" 132
"../../../Engine/Content/Functions/Engine_MaterialFunctions01/Shading/ConvertFromDiffSpec.uasset" 133
"../../../Engine/Content/EditorMaterials/GridMaterial.uasset" 134
"../../../Engine/Content/EditorMeshes/AssetViewer/Floor_Mesh.uasset" 135
"../../../Engine/Content/EditorMeshes/AssetViewer/Sphere_inversenormals.uasset" 136
"../../../Engine/Content/EditorMaterials/Camera/CineMat.uasset" 137
"../../../Engine/Content/EditorMaterials/Camera/MI_CineMat_CameraBody.uasset" 138
"../../../Engine/Content/EngineDebugMaterials/M_SimpleOpaque.uasset" 139
"../../../Engine/Content/EditorMaterials/Camera/MI_CineMat_CamViewFinder.uasset" 140
"../../../Engine/Content/EditorMeshes/Camera/SM_CineCam.uasset" 141
"../../../Engine/Content/EditorMaterials/Camera/MI_CineMat_Rig.uasset" 142
"../../../Engine/Content/EditorMeshes/Camera/SM_CraneRig_Arm.uasset" 143
"../../../Engine/Content/EditorMeshes/Camera/SM_CraneRig_Base.uasset" 144
"../../../Engine/Content/EditorMeshes/Camera/SM_CraneRig_Body.uasset" 145
"../../../Engine/Content/EditorMeshes/Camera/SM_CraneRig_Mount.uasset" 146
"../../../Engine/Content/EditorMeshes/Camera/SM_RailRig_Mount.uasset" 147
"../../../Engine/Content/EditorMeshes/Camera/SM_RailRig_Track.uasset" 148
"../../../Engine/Content/EditorMeshes/ColorCalibrator/M_ChromeBall.uasset" 149
"../../../Engine/Content/EditorResources/Bad.uasset" 150
"../../../Engine/Content/EditorResources/BSPVertex.uasset" 151
"../../../Engine/Content/EditorResources/EmptyActor.uasset" 152
"../../../Engine/Content/EditorResources/MatInstActSprite.uasset" 153
"../../../Engine/Content/EditorResources/SceneManager.uasset" 154
"../../../Engine/Content/EditorResources/SmallFont.uasset" 155
"../../../Engine/Content/EditorResources/S_Actor.uasset" 156
"../../../Engine/Content/EditorResources/S_DecalActorIcon.uasset" 157
"../../../Engine/Content/EditorResources/S_Emitter.uasset" 158
"../../../Engine/Content/EditorResources/S_ExpoHeightFog.uasset" 159
"../../../Engine/Content/EditorResources/S_FTest.uasset" 160
"../../../Engine/Content/EditorResources/S_KBSJoint.uasset" 161
"../../../Engine/Content/EditorResources/S_KHinge.uasset" 162
"../../../Engine/Content/EditorResources/S_KPrismatic.uasset" 163
"../../../Engine/Content/EditorResources/S_LevelSequence.uasset" 164
"../../../Engine/Content/EditorResources/S_NavP.uasset" 165
"../../../Engine/Content/EditorResources/S_Note.uasset" 166
"../../../Engine/Content/EditorResources/S_Player.uasset" 167
"../../../Engine/Content/EditorResources/S_PortalActorIcon2.uasset" 168
"../../../Engine/Content/EditorResources/S_RadForce.uasset" 169
"../../../Engine/Content/EditorResources/S_ReflActorIcon.uasset" 170
"../../../Engine/Content/EditorResources/S_SkyAtmosphere.uasset" 171
"../../../Engine/Content/EditorResources/S_Solver.uasset" 172
"../../../Engine/Content/EditorResources/S_Terrain.uasset" 173
"../../../Engine/Content/EditorResources/S_TextRenderActorIcon.uasset" 174
"../../../Engine/Content/EditorResources/S_Thruster.uasset" 175
"../../../Engine/Content/EditorResources/S_Trigger.uasset" 176
"../../../Engine/Content/EditorResources/S_VectorFieldVol.uasset" 177
"../../../Engine/Content/EditorResources/S_WindDirectional.uasset" 178
"../../../Engine/Content/EditorResources/AI/S_NavLink.uasset" 179
"../../../Engine/Content/EditorResources/LightIcons/SkyLight.uasset" 180
"../../../Engine/Content/EditorResources/LightIcons/S_LightDirectional.uasset" 181
"../../../Engine/Content/EditorResources/LightIcons/S_LightDirectionalMove.uasset" 182
"../../../Engine/Content/EditorResources/LightIcons/S_LightError.uasset" 183
"../../../Engine/Content/EditorResources/LightIcons/S_LightPoint.uasset" 184
"../../../Engine/Content/EditorResources/LightIcons/S_LightPointMove.uasset" 185
"../../../Engine/Content/EditorResources/LightIcons/S_LightSpot.uasset" 186
"../../../Engine/Content/EditorResources/LightIcons/S_LightSpotMove.uasset" 187
"../../../Engine/Content/EditorResources/SequenceRecorder/Countdown.uasset" 188
"../../../Engine/Content/EditorResources/SequenceRecorder/RecordingIndicator.uasset" 189
"../../../Engine/Content/EditorResources/Spline/T_Loft_Spline.uasset" 190
"../../../Engine/Content/EditorSounds/Notifications/CompileFailed.uasset" 191
"../../../Engine/Content/EditorSounds/Notifications/CompileFailed_Cue.uasset" 192
"../../../Engine/Content/EditorSounds/Notifications/CompileSuccess.uasset" 193
"../../../Engine/Content/EditorSounds/Notifications/CompileStart_Cue.uasset" 194
"../../../Engine/Content/EditorSounds/Notifications/CompileSuccess_Cue.uasset" 195
"../../../Engine/Content/EngineDamageTypes/DmgTypeBP_Environmental.uasset" 196
"../../../Engine/Content/EngineDebugMaterials/HeatmapGradient.uasset" 197
"../../../Engine/Content/EngineDebugMaterials/BoneWeightMaterial.uasset" 198
"../../../Engine/Content/EngineDebugMaterials/ClothMaterial.uasset" 199
"../../../Engine/Content/EngineDebugMaterials/ClothMaterial_WF.uasset" 200
"../../../Engine/Content/EngineDebugMaterials/DebugEditorMaterial.uasset" 201
"../../../Engine/Content/EngineDebugMaterials/DebugMeshMaterial.uasset" 202
"../../../Engine/Content/EngineDebugMaterials/GeomMaterial.uasset" 203
"../../../Engine/Content/EngineDebugMaterials/LevelColorationLitMaterial.uasset" 204
"../../../Engine/Content/EngineDebugMaterials/LevelColorationUnlitMaterial.uasset" 205
"../../../Engine/Content/EngineMaterials/DefaultWhiteGrid.uasset" 206
"../../../Engine/Content/EngineDebugMaterials/MAT_LevelColorationLitLightmapUV.uasset" 207
"../../../Engine/Content/EngineDebugMaterials/M_SimpleTranslucent.uasset" 208
"../../../Engine/Content/Functions/Engine_MaterialFunctions02/Utility/CameraDirectionVector.uasset" 209
"../../../Engine/Content/EngineDebugMaterials/VolumeToRender.uasset" 210
"../../../Engine/Content/EngineDebugMaterials/M_VolumeRenderSphereTracePP.uasset" 211
"../../../Engine/Content/EngineDebugMaterials/ShadedLevelColorationLitMaterial.uasset" 212
"../../../Engine/Content/EngineDebugMaterials/ShadedLevelColorationUnlitMateri.uasset" 213
"../../../Engine/Content/EngineDebugMaterials/VertexColorMaterial.uasset" 214
"../../../Engine/Content/EngineDebugMaterials/VertexColorViewMode_AlphaAsColor.uasset" 215
"../../../Engine/Content/EngineDebugMaterials/VertexColorViewMode_BlueOnly.uasset" 216
"../../../Engine/Content/EngineDebugMaterials/VertexColorViewMode_ColorOnly.uasset" 217
"../../../Engine/Content/EngineDebugMaterials/VertexColorViewMode_GreenOnly.uasset" 218
"../../../Engine/Content/EngineDebugMaterials/VertexColorViewMode_RedOnly.uasset" 219
"../../../Engine/Content/EngineDebugMaterials/WireframeMaterial.uasset" 220
"../../../Engine/Content/EngineFonts/Faces/DroidSansFallback.uasset" 221
"../../../Engine/Content/EngineFonts/Faces/RobotoBold.uasset" 222
"../../../Engine/Content/EngineFonts/Faces/RobotoBoldItalic.uasset" 223
"../../../Engine/Content/EngineFonts/Faces/RobotoItalic.uasset" 224
"../../../Engine/Content/EngineFonts/Faces/RobotoLight.uasset" 225
"../../../Engine/Content/EngineFonts/Faces/RobotoRegular.uasset" 226
"../../../Engine/Content/EngineFonts/Roboto.uasset" 227
"../../../Engine/Content/EngineFonts/Faces/RobotoTiny.uasset" 228
"../../../Engine/Content/EngineFonts/RobotoTiny.uasset" 229
"../../../Engine/Content/EngineFonts/SmallFont.uasset" 230
"../../../Engine/Content/EngineFonts/TinyFont.uasset" 231
"../../../Engine/Content/EngineMaterials/BaseFlattenDiffuseMap.uasset" 232
"../../../Engine/Content/EngineMaterials/BaseFlattenEmissiveMap.uasset" 233
"../../../Engine/Content/EngineMaterials/BaseFlattenGrayscaleMap.uasset" 234
"../../../Engine/Content/EngineMaterials/BaseFlattenNormalMap.uasset" 235
"../../../Engine/Content/EngineMaterials/BaseFlattenMaterial.uasset" 236
"../../../Engine/Content/EngineResources/WhiteSquareTexture.uasset" 237
"../../../Engine/Content/EngineMaterials/BlinkingCaret.uasset" 238
"../../../Engine/Content/EngineMaterials/BlueNoise.uasset" 239
"../../../Engine/Content/EngineMaterials/DefaultBloomKernel.uasset" 240
"../../../Engine/Content/EngineMaterials/DefaultBokeh.uasset" 241
"../../../Engine/Content/EngineMaterials/DefaultDeferredDecalMaterial.uasset" 242
"../../../Engine/Content/EngineMaterials/DefaultLightFunctionMaterial.uasset" 243
"../../../Engine/Content/EngineMaterials/DefaultNormal.uasset" 244
"../../../Engine/Content/EngineMaterials/DefaultPostProcessMaterial.uasset" 245
"../../../Engine/Content/EngineFonts/RobotoDistanceField.uasset" 246
"../../../Engine/Content/EngineMaterials/DefaultTextMaterialOpaque.uasset" 247
"../../../Engine/Content/EngineMaterials/DefaultVirtualTextureMaterial.uasset" 248
"../../../Engine/Content/EngineMaterials/EditorBrushMaterial.uasset" 249
"../../../Engine/Content/EngineMaterials/DefaultWhiteGrid_Low.uasset" 250
"../../../Engine/Content/EngineMaterials/EmissiveMeshMaterial.uasset" 251
"../../../Engine/Content/EngineMaterials/GizmoMaterial.uasset" 252
"../../../Engine/Content/EngineMaterials/Good64x64TilingNoiseHighFreq.uasset" 253
"../../../Engine/Content/EngineMaterials/Grid_N.uasset" 254
"../../../Engine/Content/EngineMaterials/HairColorMap.uasset" 255
"../../../Engine/Content/EngineMaterials/HairDebugColor.uasset" 256
"../../../Engine/Content/EngineMaterials/HairDebugMaterial.uasset" 257
"../../../Engine/Content/EngineMaterials/HairDefaultMaterial.uasset" 258
"../../../Engine/Content/EngineMaterials/HighResolutionScreenshotMaskFunction.uasset" 259
"../../../Engine/Content/EngineMaterials/HighResScreenshot.uasset" 260
"../../../Engine/Content/EngineMaterials/HighResScreenshotCaptureRegion.uasset" 261
"../../../Engine/Content/EngineMaterials/HighResScreenshotMask.uasset" 262
"../../../Engine/Content/EngineMaterials/LandscapeHolePhysicalMaterial.uasset" 263
"../../../Engine/Content/EngineMaterials/InvalidLightmapSettings.uasset" 264
"../../../Engine/Content/EngineMaterials/M_InvalidLightmapSettings.uasset" 265
"../../../Engine/Content/EngineMaterials/PaperDiffuse.uasset" 266
"../../../Engine/Content/EngineMaterials/PaperNormal.uasset" 267
"../../../Engine/Content/Functions/Engine_MaterialFunctions02/WorldPositionOffset/CameraOffset.uasset" 268
"../../../Engine/Content/EngineMaterials/PhAT_JointLimitMaterial.uasset" 269
"../../../Engine/Content/EngineMaterials/PhysMat_Rubber.uasset" 270
"../../../Engine/Content/EngineMaterials/PreintegratedSkinBRDF.uasset" 271
"../../../Engine/Content/EngineMaterials/RemoveSurfaceMaterial.uasset" 272
"../../../Engine/Content/EngineMaterials/WeightMapPlaceholderTexture.uasset" 273
"../../../Engine/Content/Functions/Engine_MaterialFunctions01/ImageAdjustment/sRGBToLinear.uasset" 274
"../../../Engine/Content/Functions/Engine_MaterialFunctions02/Utility/BreakOutFloat3Components.uasset" 275
"../../../Engine/Content/EngineMaterials/Widget3DCameraPassThrough_Opaque_OneSided.uasset" 276
"../../../Engine/Content/EngineMaterials/Widget3DPassThrough.uasset" 277
"../../../Engine/Content/EngineMaterials/Widget3DPassThrough_Masked.uasset" 278
"../../../Engine/Content/EngineMaterials/Widget3DPassThrough_Opaque.uasset" 279
"../../../Engine/Content/EngineMaterials/Widget3DPassThrough_Masked_OneSided.uasset" 280
"../../../Engine/Content/EngineMaterials/Widget3DPassThrough_Opaque_OneSided.uasset" 281
"../../../Engine/Content/EngineMaterials/Widget3DPassThrough_Translucent.uasset" 282
"../../../Engine/Content/EngineMaterials/Widget3DPassThrough_Translucent_OneSided.uasset" 283
"../../../Engine/Content/EngineMeshes/Cylinder.uasset" 284
"../../../Engine/Content/EngineMeshes/Sphere.uasset" 285
"../../../Engine/Content/EngineResources/Black.uasset" 286
"../../../Engine/Content/EngineResources/DefaultTexture.uasset" 287
"../../../Engine/Content/EngineResources/DefaultTextureCube.uasset" 288
"../../../Engine/Content/EngineResources/DefaultVolumeTexture2D.uasset" 289
"../../../Engine/Content/EngineResources/DefaultVolumeTexture.uasset" 290
"../../../Engine/Content/EngineResources/GradientTexture0.uasset" 291
"../../../Engine/Content/EngineResources/StreamingPauseIcon.uasset" 292
"../../../Engine/Content/EngineResources/M_StreamingPause.uasset" 293
"../../../Engine/Content/EngineSounds/Master.uasset" 294
"../../../Engine/Content/Functions/Engine_MaterialFunctions01/Shading/PowerToRoughness.uasset" 295
"../../../Engine/Content/Maps/Templates/Thumbnails/Default.uasset" 296
"../../../Engine/Content/Maps/Templates/Thumbnails/TimeOfDay.uasset" 297
"../../../Engine/Content/Maps/Templates/Thumbnails/VR-Basic.uasset" 298
"../../../Engine/Content/MapTemplates/Sky/DaylightAmbientCubemap.uasset" 299
"../../../Engine/Content/MobileResources/T_MobileControls_texture.uasset" 300
"../../../Engine/Content/MobileResources/T_MobileMenu2.uasset" 301
"../../../Engine/Content/MobileResources/HUD/AnalogHat.uasset" 302
"../../../Engine/Content/MobileResources/HUD/VirtualJoystick_Background.uasset" 303
"../../../Engine/Content/MobileResources/HUD/VirtualJoystick_Thumb.uasset" 304
"../../../Engine/Content/MobileResources/HUD/DefaultVirtualJoysticks.uasset" 305
"../../../Engine/Content/MobileResources/HUD/LeftVirtualJoystickOnly.uasset" 306
"../../../Engine/Content/MobileResources/HUD/MobileHUDButton1_off.uasset" 307
"../../../Engine/Content/MobileResources/HUD/MobileHUDButton1_on.uasset" 308
"../../../Engine/Content/MobileResources/HUD/MobileHUDButton2_off.uasset" 309
"../../../Engine/Content/MobileResources/HUD/MobileHUDButton2_on.uasset" 310
"../../../Engine/Content/MobileResources/HUD/MobileHUDButton3.uasset" 311
"../../../Engine/Content/MobileResources/HUD/MobileHUDButtonFire.uasset" 312
"../../../Engine/Content/MobileResources/HUD/MobileHUDDirectionPad.uasset" 313
"../../../Engine/Content/MobileResources/HUD/MobileHUDDirectionPad2.uasset" 314
"../../../Engine/Content/MobileResources/HUD/MobileHUDDirectionPad3.uasset" 315
"../../../Engine/Content/MobileResources/HUD/MobileHUDDirectionStick.uasset" 316
"../../../Engine/Content/MobileResources/HUD/T_Castle_ThumbstickInner.uasset" 317
"../../../Engine/Content/MobileResources/HUD/T_Castle_ThumbstickOutter.uasset" 318
"../../../Engine/Content/Tutorial/ContentIntroCurve.uasset" 319
"../../../Engine/Content/Tutorial/Basics/LevelEditorAttract.uasset" 320
"../../../Engine/Content/Tutorial/Basics/TutorialAssets/icon_tab_Levels_40x.uasset" 321
"../../../Engine/Content/Tutorial/Basics/LevelEditorOverview.uasset" 322
"../../../Engine/Content/Tutorial/BlueprintTutorials/TutorialAssets/Blueprint_64x.uasset" 323
"../../../Engine/Content/Tutorial/BlueprintTutorials/BlueprintEditorTutorial.uasset" 324
"../../../Engine/Content/Tutorial/BlueprintTutorials/TutorialAssets/Tutorial_BP_MacroLib.uasset" 325
"../../../Engine/Content/VREditor/LaserPointer/VR_LaserPower_01.uasset" 326
"../../../Engine/Content/VREditor/TransformGizmo/TransformGizmoMaterial.uasset" 327
"../../../Engine/Content/VREditor/TransformGizmo/TranslucentTransformGizmoMaterial.uasset" 328
"../../../Engine/Content/VREditor/TransformGizmo/BoundingBoxCorner.uasset" 329
"../../../Engine/Content/VREditor/TransformGizmo/BoundingBoxEdge.uasset" 330
"../../../Engine/Content/VREditor/TransformGizmo/PlaneTranslationHandle.uasset" 331
"../../../Engine/Content/VREditor/TransformGizmo/Main.uasset" 332
"../../../Engine/Content/VREditor/TransformGizmo/Xray.uasset" 333
"../../../Engine/Content/VREditor/TransformGizmo/SM_Sequencer_Key.uasset" 334
"../../../Engine/Content/VREditor/TransformGizmo/SM_Sequencer_Node.uasset" 335
"../../../Engine/Content/Animation/DefaultAnimCurveCompressionSettings.uasset" 336
"../../../Engine/Content/ArtTools/RenderToTexture/Enums/RenderToTexture_Enum.uasset" 337
"C:/Users/Sourabh/Documents/Unreal Projects/TPS/Content/ThirdPersonBP/Blueprints/Widgets/HostMenu.uasset" 338
"C:/Users/Sourabh/Documents/Unreal Projects/TPS/Content/ThirdPersonBP/Blueprints/Widgets/MenuServer.uasset" 339
"C:/Users/Sourabh/Documents/Unreal Projects/TPS/Content/ThirdPersonBP/Blueprints/Widgets/JoinMenu.uasset" 340
"C:/Users/Sourabh/Documents/Unreal Projects/TPS/Content/ThirdPersonBP/Blueprints/Widgets/Menu.uasset" 341
"C:/Users/Sourabh/Documents/Unreal Projects/TPS/Content/ThirdPersonBP/Blueprints/BP_GameInstance.uasset" 342
"C:/Users/Sourabh/Documents/Unreal Projects/TPS/Content/Mannequin/Character/Mesh/UE4_Mannequin_Skeleton.uasset" 343
"C:/Users/Sourabh/Documents/Unreal Projects/TPS/Content/Mannequin/Animations/Aim_Space_Ironsights.uasset" 344
"C:/Users/Sourabh/Documents/Unreal Projects/TPS/Content/Mannequin/Animations/AimOffset/CC.uasset" 345
"C:/Users/Sourabh/Documents/Unreal Projects/TPS/Content/Mannequin/Animations/AimOffset/CD.uasset" 346
"C:/Users/Sourabh/Documents/Unreal Projects/TPS/Content/Mannequin/Animations/AimOffset/CU.uasset" 347
"C:/Users/Sourabh/Documents/Unreal Projects/TPS/Content/Mannequin/Animations/AimOffset/LC.uasset" 348
"C:/Users/Sourabh/Documents/Unreal Projects/TPS/Content/Mannequin/Animations/AimOffset/LD.uasset" 349
"C:/Users/Sourabh/Documents/Unreal Projects/TPS/Content/Mannequin/Animations/AimOffset/LU.uasset" 350
"C:/Users/Sourabh/Documents/Unreal Projects/TPS/Content/Mannequin/Animations/AimOffset/RC.uasset" 351
"C:/Users/Sourabh/Documents/Unreal Projects/TPS/Content/Mannequin/Animations/AimOffset/RD.uasset" 352
"C:/Users/Sourabh/Documents/Unreal Projects/TPS/Content/Mannequin/Animations/AimOffset/RU.uasset" 353
"C:/Users/Sourabh/Documents/Unreal Projects/TPS/Content/Mannequin/Animations/AimOffset/AimOffSet_Rifle.uasset" 354
"C:/Users/Sourabh/Documents/Unreal Projects/TPS/Content/Mannequin/Animations/Crouch_Idle_Rifle_Hip.uasset" 355
"C:/Users/Sourabh/Documents/Unreal Projects/TPS/Content/Mannequin/Animations/Crouch_Idle_Rifle_Ironsights.uasset" 356
"C:/Users/Sourabh/Documents/Unreal Projects/TPS/Content/Mannequin/Animations/Idle_Rifle_Hip.uasset" 357
"C:/Users/Sourabh/Documents/Unreal Projects/TPS/Content/Mannequin/Animations/Idle_Rifle_Ironsights.uasset" 358
"C:/Users/Sourabh/Documents/Unreal Projects/TPS/Content/Mannequin/Animations/Sprint_Fwd_Rifle.uasset" 359
"C:/Users/Sourabh/Documents/Unreal Projects/TPS/Content/Mannequin/Animations/ThirdPersonJump_End.uasset" 360
"C:/Users/Sourabh/Documents/Unreal Projects/TPS/Content/Mannequin/Animations/ThirdPersonJump_Loop.uasset" 361
"C:/Users/Sourabh/Documents/Unreal Projects/TPS/Content/Mannequin/Animations/ThirdPersonJump_Start.uasset" 362
"C:/Users/Sourabh/Documents/Unreal Projects/TPS/Content/Mannequin/Animations/Crouch_Walk_Bwd_Rifle_Hip.uasset" 363
"C:/Users/Sourabh/Documents/Unreal Projects/TPS/Content/Mannequin/Animations/Crouch_Walk_Fwd_Rifle_Hip.uasset" 364
"C:/Users/Sourabh/Documents/Unreal Projects/TPS/Content/Mannequin/Animations/Crouch_Walk_Lt_Rifle_Hip.uasset" 365
"C:/Users/Sourabh/Documents/Unreal Projects/TPS/Content/Mannequin/Animations/Crouch_Walk_Rt_Rifle_Hip.uasset" 366
"C:/Users/Sourabh/Documents/Unreal Projects/TPS/Content/Mannequin/Animations/BlendSpaces/BS_TPS_Crouch.uasset" 367
"C:/Users/Sourabh/Documents/Unreal Projects/TPS/Content/Mannequin/Animations/Crouch_Walk_Fwd_Rifle_Ironsights.uasset" 368
"C:/Users/Sourabh/Documents/Unreal Projects/TPS/Content/Mannequin/Animations/Crouch_Walk_Lt_Rifle_Ironsights.uasset" 369
"C:/Users/Sourabh/Documents/Unreal Projects/TPS/Content/Mannequin/Animations/Crouch_Walk_Rt_Rifle_Ironsights.uasset" 370
"C:/Users/Sourabh/Documents/Unreal Projects/TPS/Content/Mannequin/Animations/BlendSpaces/BS_TPS_Crouch_Aim.uasset" 371
"C:/Users/Sourabh/Documents/Unreal Projects/TPS/Content/Mannequin/Animations/Jog_Bwd_Rifle.uasset" 372
"C:/Users/Sourabh/Documents/Unreal Projects/TPS/Content/Mannequin/Animations/Jog_Fwd_Rifle.uasset" 373
"C:/Users/Sourabh/Documents/Unreal Projects/TPS/Content/Mannequin/Animations/Jog_Lt_Rifle.uasset" 374
"C:/Users/Sourabh/Documents/Unreal Projects/TPS/Content/Mannequin/Animations/Jog_Rt_Rifle.uasset" 375
"C:/Users/Sourabh/Documents/Unreal Projects/TPS/Content/Mannequin/Animations/BlendSpaces/BS_TPS_Walk.uasset" 376
"C:/Users/Sourabh/Documents/Unreal Projects/TPS/Content/Mannequin/Animations/Walk_Bwd_Rifle_Ironsights.uasset" 377
"C:/Users/Sourabh/Documents/Unreal Projects/TPS/Content/Mannequin/Animations/Walk_Fwd_Rifle_Ironsights.uasset" 378
"C:/Users/Sourabh/Documents/Unreal Projects/TPS/Content/Mannequin/Animations/Walk_Lt_Rifle_Ironsights.uasset" 379
"C:/Users/Sourabh/Documents/Unreal Projects/TPS/Content/Mannequin/Animations/Walk_Rt_Rifle_Ironsights.uasset" 380
"C:/Users/Sourabh/Documents/Unreal Projects/TPS/Content/Mannequin/Animations/BlendSpaces/BS_TPS_Walk_Aim.uasset" 381
"C:/Users/Sourabh/Documents/Unreal Projects/TPS/Content/Mannequin/Animations/Anim_TPS.uasset" 382
"C:/Users/Sourabh/Documents/Unreal Projects/TPS/Content/Elements/Blueprints/BPI_Elemental_Projectiles.uasset" 383
"../../../Engine/Content/Functions/Engine_MaterialFunctions02/Utility/Swizzle.uasset" 384
"../../../Engine/Content/EngineVolumetrics/Fogsheet/Materials/T_EV_FogSheet_Falloff_02.uasset" 385
"C:/Users/Sourabh/Documents/Unreal Projects/TPS/Content/Elements/M_Particle_Ribbon.uasset" 386
"../../../Engine/Content/Engine_MI_Shaders/T_Cubemap_01.uasset" 387
"C:/Users/Sourabh/Documents/Unreal Projects/TPS/Content/Elements/Water/T_Caustics.uasset" 388
"C:/Users/Sourabh/Documents/Unreal Projects/TPS/Content/Elements/Water/T_raindrop.uasset" 389
"C:/Users/Sourabh/Documents/Unreal Projects/TPS/Content/Elements/Water/T_raindrop_normal.uasset" 390
"C:/Users/Sourabh/Documents/Unreal Projects/TPS/Content/Elements/Water/TilingNoise06_N.uasset" 391
"C:/Users/Sourabh/Documents/Unreal Projects/TPS/Content/Elements/Water/M_raindrop.uasset" 392
"C:/Users/Sourabh/Documents/Unreal Projects/TPS/Content/Elements/Water/T_raindrop_splash.uasset" 393
"C:/Users/Sourabh/Documents/Unreal Projects/TPS/Content/Elements/Water/T_raindrop_splash_NRM.uasset" 394
"C:/Users/Sourabh/Documents/Unreal Projects/TPS/Content/Elements/Water/M_raindrop_splash.uasset" 395
"C:/Users/Sourabh/Documents/Unreal Projects/TPS/Content/Elements/Water/P_Water_Projectile.uasset" 396
"C:/Users/Sourabh/Documents/Unreal Projects/TPS/Content/Elements/Water/P_Water_Splash.uasset" 397
"C:/Users/Sourabh/Documents/Unreal Projects/TPS/Content/Elements/Blueprints/Water.uasset" 398
"C:/Users/Sourabh/Documents/Unreal Projects/TPS/Content/Elements/Fire/T_Effects_Burst.uasset" 399
"C:/Users/Sourabh/Documents/Unreal Projects/TPS/Content/Elements/Fire/M_Burst.uasset" 400
"C:/Users/Sourabh/Documents/Unreal Projects/TPS/Content/Elements/Fire/T_explo_SubUV.uasset" 401
"C:/Users/Sourabh/Documents/Unreal Projects/TPS/Content/Elements/Fire/M_explosion_subUV.uasset" 402
"C:/Users/Sourabh/Documents/Unreal Projects/TPS/Content/Elements/Fire/m_flare_01.uasset" 403
"../../../Engine/Content/Functions/Engine_MaterialFunctions01/Gradient/RadialGradient.uasset" 404
"C:/Users/Sourabh/Documents/Unreal Projects/TPS/Content/Elements/Fire/M_radial_ramp.uasset" 405
"C:/Users/Sourabh/Documents/Unreal Projects/TPS/Content/Elements/Fire/P_Explosion_Fireball.uasset" 406
"C:/Users/Sourabh/Documents/Unreal Projects/TPS/Content/Elements/Fire/T_Fire_subUV_01.uasset" 407
"C:/Users/Sourabh/Documents/Unreal Projects/TPS/Content/Elements/Fire/T_Fire_tile.uasset" 408
"C:/Users/Sourabh/Documents/Unreal Projects/TPS/Content/Elements/Fire/M_Fire.uasset" 409
"C:/Users/Sourabh/Documents/Unreal Projects/TPS/Content/Elements/Fire/P_Fireball_Projectile.uasset" 410
"C:/Users/Sourabh/Documents/Unreal Projects/TPS/Content/Elements/Blueprints/Fire.uasset" 411
"C:/Users/Sourabh/Documents/Unreal Projects/TPS/Content/SciFiWeapLight/FX/Textures/T_AssaultRifle_MuzzleFlashes_01.uasset" 412
"C:/Users/Sourabh/Documents/Unreal Projects/TPS/Content/SciFiWeapLight/FX/Textures/T_Plasma_Detail_01.uasset" 413
"C:/Users/Sourabh/Documents/Unreal Projects/TPS/Content/SciFiWeapLight/FX/Materials/M_AssaultRifle_MuzzleFlash_4x1.uasset" 414
"C:/Users/Sourabh/Documents/Unreal Projects/TPS/Content/SciFiWeapLight/FX/Materials/M_AssualtRifle_Core_01.uasset" 415
"C:/Users/Sourabh/Documents/Unreal Projects/TPS/Content/SciFiWeapLight/FX/Textures/T_DistortionCrystals_01.uasset" 416
"C:/Users/Sourabh/Documents/Unreal Projects/TPS/Content/SciFiWeapLight/FX/Textures/T_DistortionCrystals_Mask_01.uasset" 417
"C:/Users/Sourabh/Documents/Unreal Projects/TPS/Content/SciFiWeapLight/FX/Materials/M_CrystalRefraction_01.uasset" 418
"C:/Users/Sourabh/Documents/Unreal Projects/TPS/Content/SciFiWeapLight/FX/Textures/T_GlowSphere_01.uasset" 419
"C:/Users/Sourabh/Documents/Unreal Projects/TPS/Content/SciFiWeapLight/FX/Materials/M_Pop_01.uasset" 420
"C:/Users/Sourabh/Documents/Unreal Projects/TPS/Content/SciFiWeapLight/FX/Textures/T_FrameClamp.uasset" 421
"C:/Users/Sourabh/Documents/Unreal Projects/TPS/Content/SciFiWeapLight/FX/Textures/T_NoiseMask_01.uasset" 422
"C:/Users/Sourabh/Documents/Unreal Projects/TPS/Content/SciFiWeapLight/FX/Textures/T_Plasma_A_01.uasset" 423
"C:/Users/Sourabh/Documents/Unreal Projects/TPS/Content/SciFiWeapLight/FX/Textures/T_Plasma_B_01.uasset" 424
"C:/Users/Sourabh/Documents/Unreal Projects/TPS/Content/SciFiWeapLight/FX/Textures/T_PlasmaMask_01.uasset" 425
"C:/Users/Sourabh/Documents/Unreal Projects/TPS/Content/SciFiWeapLight/FX/Materials/M_Plasma_01.uasset" 426
"C:/Users/Sourabh/Documents/Unreal Projects/TPS/Content/SciFiWeapLight/FX/Materials/M_Plasma_Inst_B_Dark.uasset" 427
"C:/Users/Sourabh/Documents/Unreal Projects/TPS/Content/SciFiWeapLight/FX/Materials/M_Plasma_Inst_D_Dark.uasset" 428
"C:/Users/Sourabh/Documents/Unreal Projects/TPS/Content/SciFiWeapLight/FX/Textures/T_Pistol_Streaks_01.uasset" 429
"C:/Users/Sourabh/Documents/Unreal Projects/TPS/Content/SciFiWeapLight/FX/Materials/M_Pistol_Streaks_01.uasset" 430
"C:/Users/Sourabh/Documents/Unreal Projects/TPS/Content/SciFiWeapLight/FX/Textures/T_Sparks_02.uasset" 431
"C:/Users/Sourabh/Documents/Unreal Projects/TPS/Content/SciFiWeapLight/FX/Materials/M_Sparks_02.uasset" 432
"C:/Users/Sourabh/Documents/Unreal Projects/TPS/Content/SciFiWeapLight/FX/Meshes/St_AssualtRifle_Core_01.uasset" 433
"C:/Users/Sourabh/Documents/Unreal Projects/TPS/Content/SciFiWeapLight/FX/Vector_Fields/FGA_Turbulent_01.uasset" 434
"C:/Users/Sourabh/Documents/Unreal Projects/TPS/Content/SciFiWeapLight/FX/Particles/P_AssaultRifle_MuzzleFlash_Dark.uasset" 435
"C:/Users/Sourabh/Documents/Unreal Projects/TPS/Content/SciFiWeapLight/Sound/Rifle/Wavs/Rifle_Fire06.uasset" 436
"C:/Users/Sourabh/Documents/Unreal Projects/TPS/Content/SciFiWeapLight/Weapons/Textures/T_White_AssaultRifle_D.uasset" 437
"C:/Users/Sourabh/Documents/Unreal Projects/TPS/Content/SciFiWeapLight/Weapons/Textures/T_White_AssaultRifle_Masks2.uasset" 438
"C:/Users/Sourabh/Documents/Unreal Projects/TPS/Content/SciFiWeapLight/Weapons/Textures/T_White_AssaultRifle_N.uasset" 439
"C:/Users/Sourabh/Documents/Unreal Projects/TPS/Content/SciFiWeapLight/Weapons/Textures/T_White_AssaultRifleColor_M.uasset" 440
"C:/Users/Sourabh/Documents/Unreal Projects/TPS/Content/SciFiWeapLight/Weapons/Materials/M_WeaponMaster.uasset" 441
"C:/Users/Sourabh/Documents/Unreal Projects/TPS/Content/SciFiWeapLight/Weapons/Textures/T_White_AssaultRifle_Masks.uasset" 442
"C:/Users/Sourabh/Documents/Unreal Projects/TPS/Content/SciFiWeapLight/Weapons/Materials/M_AssaultRifle_Inst.uasset" 443
"C:/Users/Sourabh/Documents/Unreal Projects/TPS/Content/SciFiWeapLight/Weapons/White_AssaultRifle_PhysicsAsset.uasset" 444
"C:/Users/Sourabh/Documents/Unreal Projects/TPS/Content/SciFiWeapLight/Weapons/White_AssaultRifle_Skeleton.uasset" 445
"C:/Users/Sourabh/Documents/Unreal Projects/TPS/Content/SciFiWeapLight/Weapons/White_AssaultRifle.uasset" 446
"../../../Engine/Content/EditorMaterials/TargetIcon.uasset" 447
"C:/Users/Sourabh/Documents/Unreal Projects/TPS/Content/ThirdPersonBP/Blueprints/Widgets/Weapon_HUD.uasset" 448
"C:/Users/Sourabh/Documents/Unreal Projects/TPS/Content/ThirdPersonBP/Blueprints/Rifle.uasset" 449
"../../../Engine/Content/Functions/Engine_MaterialFunctions02/Utility/BlendAngleCorrectedNormals.uasset" 450
"../../../Engine/Content/Functions/MaterialLayerFunctions/MatLayerBlend_NormalBlend.uasset" 451
"../../../Engine/Content/Functions/MaterialLayerFunctions/MatLayerBlend_Simple.uasset" 452
"C:/Users/Sourabh/Documents/Unreal Projects/TPS/Content/Mannequin/Character/Materials/MaterialLayers/T_ML_Rubber_Blue_01_D.uasset" 453
"C:/Users/Sourabh/Documents/Unreal Projects/TPS/Content/Mannequin/Character/Materials/MaterialLayers/T_ML_Rubber_Blue_01_N.uasset" 454
"C:/Users/Sourabh/Documents/Unreal Projects/TPS/Content/Mannequin/Character/Materials/MaterialLayers/ML_GlossyBlack_Latex_UE4.uasset" 455
"C:/Users/Sourabh/Documents/Unreal Projects/TPS/Content/Mannequin/Character/Materials/MaterialLayers/ML_Plastic_Shiny_Beige.uasset" 456
"C:/Users/Sourabh/Documents/Unreal Projects/TPS/Content/Mannequin/Character/Textures/UE4_LOGO_CARD.uasset" 457
"C:/Users/Sourabh/Documents/Unreal Projects/TPS/Content/Mannequin/Character/Materials/MaterialLayers/ML_Plastic_Shiny_Beige_LOGO.uasset" 458
"C:/Users/Sourabh/Documents/Unreal Projects/TPS/Content/Mannequin/Character/Materials/MaterialLayers/T_ML_Aluminum01.uasset" 459
"C:/Users/Sourabh/Documents/Unreal Projects/TPS/Content/Mannequin/Character/Materials/MaterialLayers/T_ML_Aluminum01_N.uasset" 460
"C:/Users/Sourabh/Documents/Unreal Projects/TPS/Content/Mannequin/Character/Materials/MaterialLayers/ML_SoftMetal_UE4.uasset" 461
"C:/Users/Sourabh/Documents/Unreal Projects/TPS/Content/Mannequin/Character/Textures/UE4_Mannequin__normals.uasset" 462
"C:/Users/Sourabh/Documents/Unreal Projects/TPS/Content/Mannequin/Character/Textures/UE4_Mannequin_MAT_MASKA.uasset" 463
"C:/Users/Sourabh/Documents/Unreal Projects/TPS/Content/Mannequin/Character/Materials/M_UE4Man_Body.uasset" 464
"C:/Users/Sourabh/Documents/Unreal Projects/TPS/Content/Mannequin/Character/Textures/UE4Man_Logo_N.uasset" 465
"C:/Users/Sourabh/Documents/Unreal Projects/TPS/Content/Mannequin/Character/Materials/M_UE4Man_ChestLogo.uasset" 466
"C:/Users/Sourabh/Documents/Unreal Projects/TPS/Content/Mannequin/Character/Mesh/SK_Mannequin_PhysicsAsset.uasset" 467
"C:/Users/Sourabh/Documents/Unreal Projects/TPS/Content/Mannequin/Character/Mesh/SK_Mannequin.uasset" 468
"C:/Users/Sourabh/Documents/Unreal Projects/TPS/Content/ThirdPersonBP/Blueprints/Widgets/Player_HUD.uasset" 469
"C:/Users/Sourabh/Documents/Unreal Projects/TPS/Content/ThirdPersonBP/Blueprints/Player.uasset" 470
"C:/Users/Sourabh/Documents/Unreal Projects/TPS/Content/ThirdPersonBP/Blueprints/BP_GameMode.uasset" 471
"../../Plugins/2D/Paper2D/Content/PlaceholderTextures/DummySpriteTexture.uasset" 472
"../../Plugins/2D/Paper2D/Content/DummySprite.uasset" 473
"../../Plugins/2D/Paper2D/Content/DefaultPaperTerrainMaterial.uasset" 474
"../../Plugins/2D/Paper2D/Content/DefaultSpriteMaterial.uasset" 475
"../../Plugins/2D/Paper2D/Content/MaskedUnlitSpriteMaterial.uasset" 476
"../../Plugins/2D/Paper2D/Content/OpaqueUnlitSpriteMaterial.uasset" 477
"../../Plugins/Enterprise/DatasmithContent/Content/Blueprints/FBXImporter/FBXImporterUtils.uasset" 478
"../../../Engine/Content/Functions/Engine_MaterialFunctions02/Utility/BreakOutFloat4Components.uasset" 479
"../../Plugins/Runtime/Oculus/OculusVR/Content/Materials/OculusMR_ChromaKey.uasset" 480
"../../Plugins/Runtime/Oculus/OculusVR/Content/Materials/OculusMR_ChromaKey_Lit.uasset" 481
"../../Plugins/Runtime/Oculus/OculusVR/Content/Materials/OculusMR_OpaqueColoredMaterial.uasset" 482
"../../Plugins/Runtime/Oculus/OculusVR/Content/Materials/OculusMR_WhiteMaterial.uasset" 483
"../../../Engine/Content/Maps/Entry_BuiltData.uasset" 484
"../../../Engine/Content/Maps/Entry.umap" 485
"../../../Engine/Content/EngineSky/C_Sky_Cloud_Color.uasset" 486
"../../../Engine/Content/EngineSky/C_Sky_Horizon_Color.uasset" 487
"../../../Engine/Content/EngineSky/C_Sky_Zenith_Color.uasset" 488
"../../../Engine/Content/EngineSky/T_Sky_Blue.uasset" 489
"../../../Engine/Content/EngineSky/T_Sky_Clouds_M.uasset" 490
"../../../Engine/Content/EngineSky/T_Sky_Stars.uasset" 491
"../../../Engine/Content/EngineSky/M_Sky_Panning_Clouds2.uasset" 492
"../../../Engine/Content/EngineSky/SM_SkySphere.uasset" 493
"../../../Engine/Content/EngineSky/BP_Sky_Sphere.uasset" 494
"C:/Users/Sourabh/Documents/Unreal Projects/TPS/Content/ThirdPersonBP/Maps/ThirdPersonExampleMap_BuiltData.uasset" 495
"C:/Users/Sourabh/Documents/Unreal Projects/TPS/Content/Geometry/Meshes/CubeMaterial.uasset" 496
"C:/Users/Sourabh/Documents/Unreal Projects/TPS/Content/Geometry/Meshes/1M_Cube.uasset" 497
"C:/Users/Sourabh/Documents/Unreal Projects/TPS/Content/Geometry/Meshes/1M_Cube_Chamfer.uasset" 498
"C:/Users/Sourabh/Documents/Unreal Projects/TPS/Content/Geometry/Meshes/TemplateFloor.uasset" 499
"C:/Users/Sourabh/Documents/Unreal Projects/TPS/Content/ThirdPerson/Meshes/RampMaterial.uasset" 500
"C:/Users/Sourabh/Documents/Unreal Projects/TPS/Content/ThirdPerson/Meshes/Bump_StaticMesh.uasset" 501
"C:/Users/Sourabh/Documents/Unreal Projects/TPS/Content/ThirdPerson/Meshes/LeftArm_StaticMesh.uasset" 502
"C:/Users/Sourabh/Documents/Unreal Projects/TPS/Content/ThirdPerson/Meshes/Linear_Stair_StaticMesh.uasset" 503
"C:/Users/Sourabh/Documents/Unreal Projects/TPS/Content/ThirdPerson/Meshes/Ramp_StaticMesh.uasset" 504
"C:/Users/Sourabh/Documents/Unreal Projects/TPS/Content/ThirdPerson/Meshes/RightArm_StaticMesh.uasset" 505
"C:/Users/Sourabh/Documents/Unreal Projects/TPS/Content/ThirdPersonBP/Maps/ThirdPersonExampleMap.umap" 506
